# Preference setting overrides
gui_create_pref_key -category {Globals} -key {load_detail_for_funcov} -value_type {bool} -value {false}
gui_create_pref_category -category {schem_obj_name}
gui_create_pref_key -category {schem_obj_name} -key {show_cell_and_pin_with_symbol_name} -value_type {bool} -value {false}
gui_create_pref_key -category {schem_pin_hc} -key {textExtFont} -value_type {string} -value {Helvetica,10,-1,5,50,0,0,0,0,0}

# State setting overrides
gui_state_default_create -off -ini
gui_set_state_value -category Globals -key recent_databases -value {{gui_open_db -file results.vpd}}
gui_set_state_value -category Layout -key child_console_size_x -value 920
gui_set_state_value -category Layout -key child_console_size_y -value 218
gui_set_state_value -category Layout -key child_data_coltype -value 120
gui_set_state_value -category Layout -key child_data_colvalue -value 180
gui_set_state_value -category Layout -key child_data_colvariable -value 222
gui_set_state_value -category Layout -key child_data_size_x -value 355
gui_set_state_value -category Layout -key child_data_size_y -value 629
gui_set_state_value -category Layout -key child_driver_size_x -value 1256
gui_set_state_value -category Layout -key child_driver_size_y -value 258
gui_set_state_value -category Layout -key child_hier_col3 -value {-1}
gui_set_state_value -category Layout -key child_hier_colhier -value 342
gui_set_state_value -category Layout -key child_hier_colpd -value 0
gui_set_state_value -category Layout -key child_hier_coltype -value 155
gui_set_state_value -category Layout -key child_hier_size_x -value 356
gui_set_state_value -category Layout -key child_hier_size_y -value 629
gui_set_state_value -category Layout -key child_schematic_docknewline -value false
gui_set_state_value -category Layout -key child_schematic_pos_x -value {-2}
gui_set_state_value -category Layout -key child_schematic_pos_y -value {-15}
gui_set_state_value -category Layout -key child_schematic_size_x -value 128
gui_set_state_value -category Layout -key child_schematic_size_y -value 351
gui_set_state_value -category Layout -key child_source_docknewline -value false
gui_set_state_value -category Layout -key child_source_pos_x -value {-2}
gui_set_state_value -category Layout -key child_source_pos_y -value {-15}
gui_set_state_value -category Layout -key child_source_size_x -value 212
gui_set_state_value -category Layout -key child_source_size_y -value 624
gui_set_state_value -category Layout -key child_wave_colname -value 133
gui_set_state_value -category Layout -key child_wave_colvalue -value 133
gui_set_state_value -category Layout -key child_wave_left -value 270
gui_set_state_value -category Layout -key child_wave_right -value 659
gui_set_state_value -category Layout -key main_pos_x -value 715
gui_set_state_value -category Layout -key main_pos_y -value 51
gui_set_state_value -category Layout -key main_size_x -value 1635
gui_set_state_value -category Layout -key main_size_y -value 1021
gui_set_state_value -category Layout -key stand_wave_child_docknewline -value false
gui_set_state_value -category Layout -key stand_wave_child_pos_x -value {-2}
gui_set_state_value -category Layout -key stand_wave_child_pos_y -value {-15}
gui_set_state_value -category Layout -key stand_wave_child_size_x -value 939
gui_set_state_value -category Layout -key stand_wave_child_size_y -value 849
gui_set_state_value -category Layout -key stand_wave_top_pos_x -value 764
gui_set_state_value -category Layout -key stand_wave_top_pos_y -value 31
gui_set_state_value -category Layout -key stand_wave_top_size_x -value 1698
gui_set_state_value -category Layout -key stand_wave_top_size_y -value 1008
gui_create_state_key -category FindDialog -key m_pMatchCase -value_type bool -value false
gui_create_state_key -category FindDialog -key m_pMatchWord -value_type bool -value false
gui_create_state_key -category FindDialog -key m_pUseCombo -value_type string -value {}
gui_create_state_key -category FindDialog -key m_pWrapAround -value_type bool -value true
gui_create_state_key -category Widget_History -key Find|m_pFindFrame|m_pFindCombo -value_type string -value {d3ea902ba6d722fe72acd74a3a2924d8 hd3ea902ba6d722fe72acd74a3a2924d8}
gui_create_state_key -category Widget_History -key TopLevel.1|qt_top_dock|&Edit|FindCombo -value_type string -value {d3ea902ba6d722fe72acd74a3a2924d8 hd3ea902ba6d722fe72acd74a3a2924d8}
gui_create_state_key -category Widget_History -key TopLevel.2|qt_top_dock|&Edit|FindCombo -value_type string -value {d3ea902ba6d722fe72acd74a3a2924d8 hd3ea902ba6d722fe72acd74a3a2924d8}
gui_create_state_key -category Widget_History -key TopLevel.3|qt_top_dock|&Edit|FindCombo -value_type string -value {d3ea902ba6d722fe72acd74a3a2924d8 hd3ea902ba6d722fe72acd74a3a2924d8}
gui_create_state_key -category Widget_History -key TopLevel.4|qt_top_dock|&Edit|FindCombo -value_type string -value {d3ea902ba6d722fe72acd74a3a2924d8 hd3ea902ba6d722fe72acd74a3a2924d8}
gui_create_state_key -category Widget_History -key {dlgSimSetup|m_setupTab|tab pages|SimTab|m_VPDCombo} -value_type string -value inter.vpd
gui_create_state_key -category Widget_History -key {dlgSimSetup|m_setupTab|tab pages|SimTab|m_argsCombo} -value_type string -value {{-ucligui }}
gui_create_state_key -category Widget_History -key {dlgSimSetup|m_setupTab|tab pages|SimTab|m_curDirCombo} -value_type string -value /class4/ug19/a168476m/ee4415_part2/part1/vcs
gui_create_state_key -category Widget_History -key {dlgSimSetup|m_setupTab|tab pages|SimTab|m_exeCombo} -value_type string -value {/class4/ug19/a168476m/ee4415_part2/part1/vcs/simv ./simv}
gui_state_default_create -off

# Begin command logging
gui_sim_run Ucli -exe ./simv -args {-ucligui  } -dir .
gui_list_expand -id  Hier.1   tb_aes
gui_sim_continue  
