
                      Design Compiler Graphical
                            DC Ultra (TM)
                             DFTMAX (TM)
                         Power Compiler (TM)
                           DesignWare (R)
                           DC Expert (TM)
                         Design Vision (TM)
                          HDL Compiler (TM)
                         VHDL Compiler (TM)
                            DFT Compiler
                        Library Compiler (TM)
                         Design Compiler(R)

          Version J-2014.09-SP2 for RHEL64 -- Nov 25, 2014
               Copyright (c) 1988-2014 Synopsys, Inc.

This software and the associated documentation are confidential and 
proprietary to Synopsys, Inc. Your use or disclosure of this software 
is subject to the terms and conditions of a written license agreement 
between you, or your company, and Synopsys, Inc.

Initializing...
Initializing gui preferences from file  /class4/ug19/a168476m/.synopsys_dv_prefs.tcl
#enter the files to be analyzed
#elaborate top
read_verilog ../src/AddRndKey_top.v
Loading db file '/app11/saed_32.28/SAED32_EDK/lib/stdcell_rvt/db_ccs/saed32rvt_tt1p05v125c.db'
Information: Using CCS timing libraries. (TIM-024)
Loading db file '/app11/synopsys/syn_vJ-2014.09-SP2/libraries/syn/gtech.db'
Loading db file '/app11/synopsys/syn_vJ-2014.09-SP2/libraries/syn/standard.sldb'
  Loading link library 'saed32rvt_tt1p05v125c'
  Loading link library 'gtech'
Loading verilog file '/class4/ug19/a168476m/ee4415_part2/part2/src/AddRndKey_top.v'
Detecting input file type automatically (-rtl or -netlist).
Reading with Presto HDL Compiler (equivalent to -rtl option).
Running PRESTO HDLC
Compiling source file /class4/ug19/a168476m/ee4415_part2/part2/src/AddRndKey_top.v
Presto compilation completed successfully.
Current design is now '/class4/ug19/a168476m/ee4415_part2/part2/src/AddRndKey_top.db:AddRndKey_top'
Loaded 1 design.
Current design is 'AddRndKey_top'.
AddRndKey_top
read_verilog ../src/aes_sbox.v
Loading verilog file '/class4/ug19/a168476m/ee4415_part2/part2/src/aes_sbox.v'
Detecting input file type automatically (-rtl or -netlist).
Reading with Presto HDL Compiler (equivalent to -rtl option).
Running PRESTO HDLC
Compiling source file /class4/ug19/a168476m/ee4415_part2/part2/src/aes_sbox.v

Statistics for case statements in always block at line 6 in file
	'/class4/ug19/a168476m/ee4415_part2/part2/src/aes_sbox.v'
===============================================
|           Line           |  full/ parallel  |
===============================================
|            7             |    auto/auto     |
===============================================
Presto compilation completed successfully.
Current design is now '/class4/ug19/a168476m/ee4415_part2/part2/src/aes_sbox.db:aes_sbox'
Loaded 1 design.
Current design is 'aes_sbox'.
aes_sbox
read_verilog ../src/AES_top.v
Loading verilog file '/class4/ug19/a168476m/ee4415_part2/part2/src/AES_top.v'
Detecting input file type automatically (-rtl or -netlist).
Reading with Presto HDL Compiler (equivalent to -rtl option).
Running PRESTO HDLC
Compiling source file /class4/ug19/a168476m/ee4415_part2/part2/src/AES_top.v
Presto compilation completed successfully.
Current design is now '/class4/ug19/a168476m/ee4415_part2/part2/src/AES_top.db:AES_top'
Loaded 1 design.
Current design is 'AES_top'.
AES_top
read_verilog ../src/AEScntx.v
Loading verilog file '/class4/ug19/a168476m/ee4415_part2/part2/src/AEScntx.v'
Detecting input file type automatically (-rtl or -netlist).
Reading with Presto HDL Compiler (equivalent to -rtl option).
Running PRESTO HDLC
Compiling source file /class4/ug19/a168476m/ee4415_part2/part2/src/AEScntx.v
Warning:  /class4/ug19/a168476m/ee4415_part2/part2/src/AEScntx.v:15: The construct 'declaration initial assignment' is not supported in synthesis; it is ignored. (VER-708)

Statistics for case statements in always block at line 17 in file
	'/class4/ug19/a168476m/ee4415_part2/part2/src/AEScntx.v'
===============================================
|           Line           |  full/ parallel  |
===============================================
|            28            |     no/auto      |
===============================================

Inferred memory devices in process
	in routine AEScntx line 17 in file
		'/class4/ug19/a168476m/ee4415_part2/part2/src/AEScntx.v'.
===============================================================================
|    Register Name    |   Type    | Width | Bus | MB | AR | AS | SR | SS | ST |
===============================================================================
| completed_round_reg | Flip-flop |  10   |  N  | N  | N  | N  | N  | N  | N  |
|      done_reg       | Flip-flop |   1   |  N  | N  | N  | N  | N  | N  | N  |
|      enbKS_reg      | Flip-flop |   1   |  N  | N  | N  | N  | N  | N  | N  |
|      rndNo_reg      | Flip-flop |   4   |  Y  | N  | N  | N  | N  | N  | N  |
|      count_reg      | Flip-flop |   6   |  Y  | N  | N  | N  | N  | N  | N  |
|     accept_reg      | Flip-flop |   1   |  N  | N  | N  | N  | N  | N  | N  |
===============================================================================
Presto compilation completed successfully.
Current design is now '/class4/ug19/a168476m/ee4415_part2/part2/src/AEScntx.db:AEScntx'
Loaded 1 design.
Current design is 'AEScntx'.
AEScntx
read_verilog ../src/AESCore.v
Loading verilog file '/class4/ug19/a168476m/ee4415_part2/part2/src/AESCore.v'
Detecting input file type automatically (-rtl or -netlist).
Reading with Presto HDL Compiler (equivalent to -rtl option).
Running PRESTO HDLC
Compiling source file /class4/ug19/a168476m/ee4415_part2/part2/src/AESCore.v

Inferred memory devices in process
	in routine AESCore line 36 in file
		'/class4/ug19/a168476m/ee4415_part2/part2/src/AESCore.v'.
===============================================================================
|    Register Name    |   Type    | Width | Bus | MB | AR | AS | SR | SS | ST |
===============================================================================
|      SR_in_reg      | Flip-flop |  128  |  Y  | N  | N  | N  | N  | N  | N  |
|      SB_in_reg      | Flip-flop |  128  |  Y  | N  | N  | N  | N  | N  | N  |
|      MC_in_reg      | Flip-flop |  128  |  Y  | N  | N  | N  | N  | N  | N  |
|      AR_in_reg      | Flip-flop |  128  |  Y  | N  | N  | N  | N  | N  | N  |
|       key_reg       | Flip-flop |  128  |  Y  | N  | N  | N  | N  | N  | N  |
===============================================================================
Presto compilation completed successfully.
Current design is now '/class4/ug19/a168476m/ee4415_part2/part2/src/AESCore.db:AESCore'
Loaded 1 design.
Current design is 'AESCore'.
AESCore
read_verilog ../src/KeySchedule_top.v
Loading verilog file '/class4/ug19/a168476m/ee4415_part2/part2/src/KeySchedule_top.v'
Detecting input file type automatically (-rtl or -netlist).
Reading with Presto HDL Compiler (equivalent to -rtl option).
Running PRESTO HDLC
Compiling source file /class4/ug19/a168476m/ee4415_part2/part2/src/KeySchedule_top.v

Statistics for case statements in always block at line 21 in file
	'/class4/ug19/a168476m/ee4415_part2/part2/src/KeySchedule_top.v'
===============================================
|           Line           |  full/ parallel  |
===============================================
|            22            |    auto/auto     |
===============================================
Presto compilation completed successfully.
Current design is now '/class4/ug19/a168476m/ee4415_part2/part2/src/KeySchedule_top.db:KeySchedule_top'
Loaded 1 design.
Current design is 'KeySchedule_top'.
KeySchedule_top
read_verilog ../src/matrix_mult.v
Loading verilog file '/class4/ug19/a168476m/ee4415_part2/part2/src/matrix_mult.v'
Detecting input file type automatically (-rtl or -netlist).
Reading with Presto HDL Compiler (equivalent to -rtl option).
Running PRESTO HDLC
Compiling source file /class4/ug19/a168476m/ee4415_part2/part2/src/matrix_mult.v
Presto compilation completed successfully.
Current design is now '/class4/ug19/a168476m/ee4415_part2/part2/src/matrix_mult.db:matrix_mult'
Loaded 1 design.
Current design is 'matrix_mult'.
matrix_mult
read_verilog ../src/MixCol_top.v
Loading verilog file '/class4/ug19/a168476m/ee4415_part2/part2/src/MixCol_top.v'
Detecting input file type automatically (-rtl or -netlist).
Running DC verilog reader
Performing 'read' command.
Compiling source file /class4/ug19/a168476m/ee4415_part2/part2/src/MixCol_top.v
Reading with netlist reader (equivalent to -netlist option).
Verilog netlist reader completed successfully.
Current design is now '/class4/ug19/a168476m/ee4415_part2/part2/src/MixCol_top.db:MixCol_top'
Loaded 1 design.
Current design is 'MixCol_top'.
MixCol_top
read_verilog ../src/shiftRows_top.v
Loading verilog file '/class4/ug19/a168476m/ee4415_part2/part2/src/shiftRows_top.v'
Detecting input file type automatically (-rtl or -netlist).
Running DC verilog reader
Performing 'read' command.
Compiling source file /class4/ug19/a168476m/ee4415_part2/part2/src/shiftRows_top.v
Reading with netlist reader (equivalent to -netlist option).
Verilog netlist reader completed successfully.
Current design is now '/class4/ug19/a168476m/ee4415_part2/part2/src/shiftRows_top.db:shiftRows_top'
Loaded 1 design.
Current design is 'shiftRows_top'.
shiftRows_top
read_verilog ../src/subBytes_top.v
Loading verilog file '/class4/ug19/a168476m/ee4415_part2/part2/src/subBytes_top.v'
Detecting input file type automatically (-rtl or -netlist).
Running DC verilog reader
Performing 'read' command.
Compiling source file /class4/ug19/a168476m/ee4415_part2/part2/src/subBytes_top.v
Reading with netlist reader (equivalent to -netlist option).
Verilog netlist reader completed successfully.
Current design is now '/class4/ug19/a168476m/ee4415_part2/part2/src/subBytes_top.db:subBytes_top'
Loaded 1 design.
Current design is 'subBytes_top'.
subBytes_top
#source constraint file
reset_design
1
current_design AES_top
Current design is 'AES_top'.
{AES_top}
check_design
 
****************************************
check_design summary:
Version:     J-2014.09-SP2
Date:        Tue Apr 14 22:08:11 2020
****************************************

                   Name                                            Total
--------------------------------------------------------------------------------
Inputs/Outputs                                                    128
    Feedthrough (LINT-29)                                         128

Cells                                                              11
    Cells do not drive (LINT-1)                                    11
--------------------------------------------------------------------------------

Warning: In design 'AEScntx', cell 'C473' does not drive any nets. (LINT-1)
Warning: In design 'AEScntx', cell 'C474' does not drive any nets. (LINT-1)
Warning: In design 'AEScntx', cell 'C475' does not drive any nets. (LINT-1)
Warning: In design 'AEScntx', cell 'C476' does not drive any nets. (LINT-1)
Warning: In design 'AEScntx', cell 'C477' does not drive any nets. (LINT-1)
Warning: In design 'AEScntx', cell 'C478' does not drive any nets. (LINT-1)
Warning: In design 'AEScntx', cell 'C479' does not drive any nets. (LINT-1)
Warning: In design 'AEScntx', cell 'C480' does not drive any nets. (LINT-1)
Warning: In design 'AEScntx', cell 'C481' does not drive any nets. (LINT-1)
Warning: In design 'AEScntx', cell 'C482' does not drive any nets. (LINT-1)
Warning: In design 'AEScntx', cell 'C506' does not drive any nets. (LINT-1)
Warning: In design 'shiftRows_top', input port 'ip[127]' is connected directly to output port 'op[127]'. (LINT-29)
Warning: In design 'shiftRows_top', input port 'ip[126]' is connected directly to output port 'op[126]'. (LINT-29)
Warning: In design 'shiftRows_top', input port 'ip[125]' is connected directly to output port 'op[125]'. (LINT-29)
Warning: In design 'shiftRows_top', input port 'ip[124]' is connected directly to output port 'op[124]'. (LINT-29)
Warning: In design 'shiftRows_top', input port 'ip[123]' is connected directly to output port 'op[123]'. (LINT-29)
Warning: In design 'shiftRows_top', input port 'ip[122]' is connected directly to output port 'op[122]'. (LINT-29)
Warning: In design 'shiftRows_top', input port 'ip[121]' is connected directly to output port 'op[121]'. (LINT-29)
Warning: In design 'shiftRows_top', input port 'ip[120]' is connected directly to output port 'op[120]'. (LINT-29)
Warning: In design 'shiftRows_top', input port 'ip[119]' is connected directly to output port 'op[23]'. (LINT-29)
Warning: In design 'shiftRows_top', input port 'ip[118]' is connected directly to output port 'op[22]'. (LINT-29)
Warning: In design 'shiftRows_top', input port 'ip[117]' is connected directly to output port 'op[21]'. (LINT-29)
Warning: In design 'shiftRows_top', input port 'ip[116]' is connected directly to output port 'op[20]'. (LINT-29)
Warning: In design 'shiftRows_top', input port 'ip[115]' is connected directly to output port 'op[19]'. (LINT-29)
Warning: In design 'shiftRows_top', input port 'ip[114]' is connected directly to output port 'op[18]'. (LINT-29)
Warning: In design 'shiftRows_top', input port 'ip[113]' is connected directly to output port 'op[17]'. (LINT-29)
Warning: In design 'shiftRows_top', input port 'ip[112]' is connected directly to output port 'op[16]'. (LINT-29)
Warning: In design 'shiftRows_top', input port 'ip[111]' is connected directly to output port 'op[47]'. (LINT-29)
Warning: In design 'shiftRows_top', input port 'ip[110]' is connected directly to output port 'op[46]'. (LINT-29)
Warning: In design 'shiftRows_top', input port 'ip[109]' is connected directly to output port 'op[45]'. (LINT-29)
Warning: In design 'shiftRows_top', input port 'ip[108]' is connected directly to output port 'op[44]'. (LINT-29)
Warning: In design 'shiftRows_top', input port 'ip[107]' is connected directly to output port 'op[43]'. (LINT-29)
Warning: In design 'shiftRows_top', input port 'ip[106]' is connected directly to output port 'op[42]'. (LINT-29)
Warning: In design 'shiftRows_top', input port 'ip[105]' is connected directly to output port 'op[41]'. (LINT-29)
Warning: In design 'shiftRows_top', input port 'ip[104]' is connected directly to output port 'op[40]'. (LINT-29)
Warning: In design 'shiftRows_top', input port 'ip[103]' is connected directly to output port 'op[71]'. (LINT-29)
Warning: In design 'shiftRows_top', input port 'ip[102]' is connected directly to output port 'op[70]'. (LINT-29)
Warning: In design 'shiftRows_top', input port 'ip[101]' is connected directly to output port 'op[69]'. (LINT-29)
Warning: In design 'shiftRows_top', input port 'ip[100]' is connected directly to output port 'op[68]'. (LINT-29)
Warning: In design 'shiftRows_top', input port 'ip[99]' is connected directly to output port 'op[67]'. (LINT-29)
Warning: In design 'shiftRows_top', input port 'ip[98]' is connected directly to output port 'op[66]'. (LINT-29)
Warning: In design 'shiftRows_top', input port 'ip[97]' is connected directly to output port 'op[65]'. (LINT-29)
Warning: In design 'shiftRows_top', input port 'ip[96]' is connected directly to output port 'op[64]'. (LINT-29)
Warning: In design 'shiftRows_top', input port 'ip[95]' is connected directly to output port 'op[95]'. (LINT-29)
Warning: In design 'shiftRows_top', input port 'ip[94]' is connected directly to output port 'op[94]'. (LINT-29)
Warning: In design 'shiftRows_top', input port 'ip[93]' is connected directly to output port 'op[93]'. (LINT-29)
Warning: In design 'shiftRows_top', input port 'ip[92]' is connected directly to output port 'op[92]'. (LINT-29)
Warning: In design 'shiftRows_top', input port 'ip[91]' is connected directly to output port 'op[91]'. (LINT-29)
Warning: In design 'shiftRows_top', input port 'ip[90]' is connected directly to output port 'op[90]'. (LINT-29)
Warning: In design 'shiftRows_top', input port 'ip[89]' is connected directly to output port 'op[89]'. (LINT-29)
Warning: In design 'shiftRows_top', input port 'ip[88]' is connected directly to output port 'op[88]'. (LINT-29)
Warning: In design 'shiftRows_top', input port 'ip[87]' is connected directly to output port 'op[119]'. (LINT-29)
Warning: In design 'shiftRows_top', input port 'ip[86]' is connected directly to output port 'op[118]'. (LINT-29)
Warning: In design 'shiftRows_top', input port 'ip[85]' is connected directly to output port 'op[117]'. (LINT-29)
Warning: In design 'shiftRows_top', input port 'ip[84]' is connected directly to output port 'op[116]'. (LINT-29)
Warning: In design 'shiftRows_top', input port 'ip[83]' is connected directly to output port 'op[115]'. (LINT-29)
Warning: In design 'shiftRows_top', input port 'ip[82]' is connected directly to output port 'op[114]'. (LINT-29)
Warning: In design 'shiftRows_top', input port 'ip[81]' is connected directly to output port 'op[113]'. (LINT-29)
Warning: In design 'shiftRows_top', input port 'ip[80]' is connected directly to output port 'op[112]'. (LINT-29)
Warning: In design 'shiftRows_top', input port 'ip[79]' is connected directly to output port 'op[15]'. (LINT-29)
Warning: In design 'shiftRows_top', input port 'ip[78]' is connected directly to output port 'op[14]'. (LINT-29)
Warning: In design 'shiftRows_top', input port 'ip[77]' is connected directly to output port 'op[13]'. (LINT-29)
Warning: In design 'shiftRows_top', input port 'ip[76]' is connected directly to output port 'op[12]'. (LINT-29)
Warning: In design 'shiftRows_top', input port 'ip[75]' is connected directly to output port 'op[11]'. (LINT-29)
Warning: In design 'shiftRows_top', input port 'ip[74]' is connected directly to output port 'op[10]'. (LINT-29)
Warning: In design 'shiftRows_top', input port 'ip[73]' is connected directly to output port 'op[9]'. (LINT-29)
Warning: In design 'shiftRows_top', input port 'ip[72]' is connected directly to output port 'op[8]'. (LINT-29)
Warning: In design 'shiftRows_top', input port 'ip[71]' is connected directly to output port 'op[39]'. (LINT-29)
Warning: In design 'shiftRows_top', input port 'ip[70]' is connected directly to output port 'op[38]'. (LINT-29)
Warning: In design 'shiftRows_top', input port 'ip[69]' is connected directly to output port 'op[37]'. (LINT-29)
Warning: In design 'shiftRows_top', input port 'ip[68]' is connected directly to output port 'op[36]'. (LINT-29)
Warning: In design 'shiftRows_top', input port 'ip[67]' is connected directly to output port 'op[35]'. (LINT-29)
Warning: In design 'shiftRows_top', input port 'ip[66]' is connected directly to output port 'op[34]'. (LINT-29)
Warning: In design 'shiftRows_top', input port 'ip[65]' is connected directly to output port 'op[33]'. (LINT-29)
Warning: In design 'shiftRows_top', input port 'ip[64]' is connected directly to output port 'op[32]'. (LINT-29)
Warning: In design 'shiftRows_top', input port 'ip[63]' is connected directly to output port 'op[63]'. (LINT-29)
Warning: In design 'shiftRows_top', input port 'ip[62]' is connected directly to output port 'op[62]'. (LINT-29)
Warning: In design 'shiftRows_top', input port 'ip[61]' is connected directly to output port 'op[61]'. (LINT-29)
Warning: In design 'shiftRows_top', input port 'ip[60]' is connected directly to output port 'op[60]'. (LINT-29)
Warning: In design 'shiftRows_top', input port 'ip[59]' is connected directly to output port 'op[59]'. (LINT-29)
Warning: In design 'shiftRows_top', input port 'ip[58]' is connected directly to output port 'op[58]'. (LINT-29)
Warning: In design 'shiftRows_top', input port 'ip[57]' is connected directly to output port 'op[57]'. (LINT-29)
Warning: In design 'shiftRows_top', input port 'ip[56]' is connected directly to output port 'op[56]'. (LINT-29)
Warning: In design 'shiftRows_top', input port 'ip[55]' is connected directly to output port 'op[87]'. (LINT-29)
Warning: In design 'shiftRows_top', input port 'ip[54]' is connected directly to output port 'op[86]'. (LINT-29)
Warning: In design 'shiftRows_top', input port 'ip[53]' is connected directly to output port 'op[85]'. (LINT-29)
Warning: In design 'shiftRows_top', input port 'ip[52]' is connected directly to output port 'op[84]'. (LINT-29)
Warning: In design 'shiftRows_top', input port 'ip[51]' is connected directly to output port 'op[83]'. (LINT-29)
Warning: In design 'shiftRows_top', input port 'ip[50]' is connected directly to output port 'op[82]'. (LINT-29)
Warning: In design 'shiftRows_top', input port 'ip[49]' is connected directly to output port 'op[81]'. (LINT-29)
Warning: In design 'shiftRows_top', input port 'ip[48]' is connected directly to output port 'op[80]'. (LINT-29)
Warning: In design 'shiftRows_top', input port 'ip[47]' is connected directly to output port 'op[111]'. (LINT-29)
Warning: In design 'shiftRows_top', input port 'ip[46]' is connected directly to output port 'op[110]'. (LINT-29)
Warning: In design 'shiftRows_top', input port 'ip[45]' is connected directly to output port 'op[109]'. (LINT-29)
Warning: In design 'shiftRows_top', input port 'ip[44]' is connected directly to output port 'op[108]'. (LINT-29)
Warning: In design 'shiftRows_top', input port 'ip[43]' is connected directly to output port 'op[107]'. (LINT-29)
Warning: In design 'shiftRows_top', input port 'ip[42]' is connected directly to output port 'op[106]'. (LINT-29)
Warning: In design 'shiftRows_top', input port 'ip[41]' is connected directly to output port 'op[105]'. (LINT-29)
Warning: In design 'shiftRows_top', input port 'ip[40]' is connected directly to output port 'op[104]'. (LINT-29)
Warning: In design 'shiftRows_top', input port 'ip[39]' is connected directly to output port 'op[7]'. (LINT-29)
Warning: In design 'shiftRows_top', input port 'ip[38]' is connected directly to output port 'op[6]'. (LINT-29)
Warning: In design 'shiftRows_top', input port 'ip[37]' is connected directly to output port 'op[5]'. (LINT-29)
Warning: In design 'shiftRows_top', input port 'ip[36]' is connected directly to output port 'op[4]'. (LINT-29)
Warning: In design 'shiftRows_top', input port 'ip[35]' is connected directly to output port 'op[3]'. (LINT-29)
Warning: In design 'shiftRows_top', input port 'ip[34]' is connected directly to output port 'op[2]'. (LINT-29)
Warning: In design 'shiftRows_top', input port 'ip[33]' is connected directly to output port 'op[1]'. (LINT-29)
Warning: In design 'shiftRows_top', input port 'ip[32]' is connected directly to output port 'op[0]'. (LINT-29)
Warning: In design 'shiftRows_top', input port 'ip[31]' is connected directly to output port 'op[31]'. (LINT-29)
Warning: In design 'shiftRows_top', input port 'ip[30]' is connected directly to output port 'op[30]'. (LINT-29)
Warning: In design 'shiftRows_top', input port 'ip[29]' is connected directly to output port 'op[29]'. (LINT-29)
Warning: In design 'shiftRows_top', input port 'ip[28]' is connected directly to output port 'op[28]'. (LINT-29)
Warning: In design 'shiftRows_top', input port 'ip[27]' is connected directly to output port 'op[27]'. (LINT-29)
Warning: In design 'shiftRows_top', input port 'ip[26]' is connected directly to output port 'op[26]'. (LINT-29)
Warning: In design 'shiftRows_top', input port 'ip[25]' is connected directly to output port 'op[25]'. (LINT-29)
Warning: In design 'shiftRows_top', input port 'ip[24]' is connected directly to output port 'op[24]'. (LINT-29)
Warning: In design 'shiftRows_top', input port 'ip[23]' is connected directly to output port 'op[55]'. (LINT-29)
Warning: In design 'shiftRows_top', input port 'ip[22]' is connected directly to output port 'op[54]'. (LINT-29)
Warning: In design 'shiftRows_top', input port 'ip[21]' is connected directly to output port 'op[53]'. (LINT-29)
Warning: In design 'shiftRows_top', input port 'ip[20]' is connected directly to output port 'op[52]'. (LINT-29)
Warning: In design 'shiftRows_top', input port 'ip[19]' is connected directly to output port 'op[51]'. (LINT-29)
Warning: In design 'shiftRows_top', input port 'ip[18]' is connected directly to output port 'op[50]'. (LINT-29)
Warning: In design 'shiftRows_top', input port 'ip[17]' is connected directly to output port 'op[49]'. (LINT-29)
Warning: In design 'shiftRows_top', input port 'ip[16]' is connected directly to output port 'op[48]'. (LINT-29)
Warning: In design 'shiftRows_top', input port 'ip[15]' is connected directly to output port 'op[79]'. (LINT-29)
Warning: In design 'shiftRows_top', input port 'ip[14]' is connected directly to output port 'op[78]'. (LINT-29)
Warning: In design 'shiftRows_top', input port 'ip[13]' is connected directly to output port 'op[77]'. (LINT-29)
Warning: In design 'shiftRows_top', input port 'ip[12]' is connected directly to output port 'op[76]'. (LINT-29)
Warning: In design 'shiftRows_top', input port 'ip[11]' is connected directly to output port 'op[75]'. (LINT-29)
Warning: In design 'shiftRows_top', input port 'ip[10]' is connected directly to output port 'op[74]'. (LINT-29)
Warning: In design 'shiftRows_top', input port 'ip[9]' is connected directly to output port 'op[73]'. (LINT-29)
Warning: In design 'shiftRows_top', input port 'ip[8]' is connected directly to output port 'op[72]'. (LINT-29)
Warning: In design 'shiftRows_top', input port 'ip[7]' is connected directly to output port 'op[103]'. (LINT-29)
Warning: In design 'shiftRows_top', input port 'ip[6]' is connected directly to output port 'op[102]'. (LINT-29)
Warning: In design 'shiftRows_top', input port 'ip[5]' is connected directly to output port 'op[101]'. (LINT-29)
Warning: In design 'shiftRows_top', input port 'ip[4]' is connected directly to output port 'op[100]'. (LINT-29)
Warning: In design 'shiftRows_top', input port 'ip[3]' is connected directly to output port 'op[99]'. (LINT-29)
Warning: In design 'shiftRows_top', input port 'ip[2]' is connected directly to output port 'op[98]'. (LINT-29)
Warning: In design 'shiftRows_top', input port 'ip[1]' is connected directly to output port 'op[97]'. (LINT-29)
Warning: In design 'shiftRows_top', input port 'ip[0]' is connected directly to output port 'op[96]'. (LINT-29)
1
link

  Linking design 'AES_top'
  Using the following designs and libraries:
  --------------------------------------------------------------------------
  * (10 designs)              /class4/ug19/a168476m/ee4415_part2/part2/src/AES_top.db, etc
  saed32rvt_tt1p05v125c (library)
                              /app11/saed_32.28/SAED32_EDK/lib/stdcell_rvt/db_ccs/saed32rvt_tt1p05v125c.db

1
source constraint.tcl
#compile the top module
# compile_ultra
compile
Information: Evaluating DesignWare library utilization. (UISN-27)

============================================================================
| DesignWare Building Block Library  |         Version         | Available |
============================================================================
| Basic DW Building Blocks           | J-2014.09-DWBB_201409.2 |     *     |
| Licensed DW Building Blocks        |                         |           |
============================================================================


Information: There are 139 potential problems in your design. Please run 'check_design' for more information. (LINT-99)



  Beginning Pass 1 Mapping
  ------------------------
  Processing 'aes_sbox_0'
  Processing 'KeySchedule_top_0'
  Processing 'AddRndKey_top_0'
  Processing 'matrix_mult_0'
  Processing 'MixCol_top_0'
  Processing 'shiftRows_top_0'
  Processing 'subBytes_top_0'
  Processing 'AESCore_0'
  Processing 'AEScntx'
  Processing 'AES_top'

  Updating timing information
Information: Updating design information... (UID-85)

  Beginning Implementation Selection
  ----------------------------------
  Processing 'AEScntx_DW01_inc_0'

  Beginning Mapping Optimizations  (Medium effort)
  -------------------------------

                                  TOTAL                                      
   ELAPSED            WORST NEG   SETUP    DESIGN                            
    TIME      AREA      SLACK     COST    RULE COST         ENDPOINT         
  --------- --------- --------- --------- --------- -------------------------
    0:00:26  164631.8      0.00       0.0       0.0                          
    0:00:26  164631.8      0.00       0.0       0.0                          
    0:00:26  164631.8      0.00       0.0       0.0                          
    0:00:26  164631.8      0.00       0.0       0.0                          
    0:00:27  164631.8      0.00       0.0       0.0                          
    0:00:34  150148.1      0.00       0.0       0.0                          
    0:00:34  150148.1      0.00       0.0       0.0                          
    0:00:34  150148.1      0.00       0.0       0.0                          
    0:00:35  150148.1      0.00       0.0       0.0                          
    0:00:35  150148.1      0.00       0.0       0.0                          
    0:00:35  150148.1      0.00       0.0       0.0                          
    0:00:35  150148.1      0.00       0.0       0.0                          
    0:00:35  150148.1      0.00       0.0       0.0                          



  Beginning Delay Optimization Phase
  ----------------------------------

                                  TOTAL                                      
   ELAPSED            WORST NEG   SETUP    DESIGN                            
    TIME      AREA      SLACK     COST    RULE COST         ENDPOINT         
  --------- --------- --------- --------- --------- -------------------------
    0:00:35  150148.1      0.00       0.0       0.0                          
    0:00:35  150148.1      0.00       0.0       0.0                          
    0:00:35  150146.6      0.00       0.0       0.0                          


  Beginning Area-Recovery Phase  (cleanup)
  -----------------------------

                                  TOTAL                                      
   ELAPSED            WORST NEG   SETUP    DESIGN                            
    TIME      AREA      SLACK     COST    RULE COST         ENDPOINT         
  --------- --------- --------- --------- --------- -------------------------
    0:00:35  150146.6      0.00       0.0       0.0                          
    0:00:36  150146.6      0.00       0.0       0.0                          
    0:00:38  149291.6      0.00       0.0       0.0                          
    0:00:39  148531.2      0.00       0.0       0.0                          
    0:00:40  148000.1      0.00       0.0       0.0                          
    0:00:40  147495.5      0.00       0.0       0.0                          
    0:00:41  147316.4      0.00       0.0       0.0                          
    0:00:41  147137.5      0.00       0.0       0.0                          
    0:00:41  147123.7      0.00       0.0       0.0                          
    0:00:41  147118.1      0.00       0.0       0.0                          
    0:00:41  147113.0      0.00       0.0       0.0                          
    0:00:42  147107.6      0.00       0.0       0.0                          
    0:00:42  147102.5      0.00       0.0       0.0                          
    0:00:42  147096.9      0.00       0.0       0.0                          
    0:00:42  147091.8      0.00       0.0       0.0                          
    0:00:42  147086.7      0.00       0.0       0.0                          
    0:00:42  147081.6      0.00       0.0       0.0                          
    0:00:42  147076.5      0.00       0.0       0.0                          
    0:00:42  147076.5      0.00       0.0       0.0                          
    0:00:43  147076.5      0.00       0.0       0.0                          
    0:00:43  147076.5      0.00       0.0       0.0                          
    0:00:43  147076.5      0.00       0.0       0.0                          
    0:00:43  147076.5      0.00       0.0       0.0                          
    0:00:43  147076.5      0.00       0.0       0.0                          
    0:00:43  147076.5      0.00       0.0       0.0                          
    0:00:43  147076.5      0.00       0.0       0.0                          


Note: Symbol # after min delay cost means estimated hold TNS across all active scenarios 


  Optimization Complete
  ---------------------
Warning: Design 'AES_top' contains 1 high-fanout nets. A fanout number of 1000 will be used for delay calculations involving these nets. (TIM-134)
     Net 'generate_cores[1].AES_core/clk': 2583 load(s), 1 driver(s)
1
report_constraint -all_violators
Information: Updating design information... (UID-85)
Warning: Design 'AES_top' contains 1 high-fanout nets. A fanout number of 1000 will be used for delay calculations involving these nets. (TIM-134)
 
****************************************
Report : constraint
        -all_violators
Design : AES_top
Version: J-2014.09-SP2
Date   : Tue Apr 14 22:08:58 2020
****************************************

This design has no violated constraints.

1
#report critical path
report_timing -delay max
 
****************************************
Report : timing
        -path full
        -delay max
        -max_paths 1
Design : AES_top
Version: J-2014.09-SP2
Date   : Tue Apr 14 22:08:58 2020
****************************************

 # A fanout number of 1000 was used for high fanout net computations.

Operating Conditions: tt1p05v125c   Library: saed32rvt_tt1p05v125c
Wire Load Model Mode: enclosed

  Startpoint: AES_control/rndNo_reg[0]
              (rising edge-triggered flip-flop clocked by clk)
  Endpoint: generate_cores[0].AES_core/key_reg[25]
            (rising edge-triggered flip-flop clocked by clk)
  Path Group: clk
  Path Type: max

  Des/Clust/Port     Wire Load Model       Library
  ------------------------------------------------
  AES_top            140000                saed32rvt_tt1p05v125c
  KeySchedule_top_0  8000                  saed32rvt_tt1p05v125c
  AESCore_0          35000                 saed32rvt_tt1p05v125c

  Point                                                   Incr       Path
  --------------------------------------------------------------------------
  clock clk (rise edge)                                   0.00       0.00
  clock network delay (ideal)                             0.00       0.00
  AES_control/rndNo_reg[0]/CLK (DFFX1_RVT)                0.00 #     0.00 r
  AES_control/rndNo_reg[0]/Q (DFFX1_RVT)                  0.16       0.16 f
  AES_control/rndNo[0] (AEScntx)                          0.00       0.16 f
  generate_cores[0].AES_core/rndNo[0] (AESCore_0)         0.00       0.16 f
  generate_cores[0].AES_core/keySchedule/rndNo[0] (KeySchedule_top_0)
                                                          0.00       0.16 f
  generate_cores[0].AES_core/keySchedule/U136/Y (INVX1_RVT)
                                                          1.06       1.22 r
  generate_cores[0].AES_core/keySchedule/U148/Y (NAND3X0_RVT)
                                                          0.07       1.29 f
  generate_cores[0].AES_core/keySchedule/U146/Y (AND3X1_RVT)
                                                          0.07       1.36 f
  generate_cores[0].AES_core/keySchedule/U32/Y (XNOR3X1_RVT)
                                                          0.07       1.43 f
  generate_cores[0].AES_core/keySchedule/U58/Y (XOR2X1_RVT)
                                                          0.09       1.53 r
  generate_cores[0].AES_core/keySchedule/U108/Y (XOR2X1_RVT)
                                                          0.09       1.62 f
  generate_cores[0].AES_core/keySchedule/U10/Y (XOR2X1_RVT)
                                                          0.08       1.70 r
  generate_cores[0].AES_core/keySchedule/op_key[25] (KeySchedule_top_0)
                                                          0.00       1.70 r
  generate_cores[0].AES_core/U754/Y (AO222X1_RVT)         0.08       1.78 r
  generate_cores[0].AES_core/key_reg[25]/D (DFFX1_RVT)
                                                          0.01       1.79 r
  data arrival time                                                  1.79

  clock clk (rise edge)                                   2.00       2.00
  clock network delay (ideal)                             0.00       2.00
  generate_cores[0].AES_core/key_reg[25]/CLK (DFFX1_RVT)
                                                          0.00       2.00 r
  library setup time                                     -0.03       1.97
  data required time                                                 1.97
  --------------------------------------------------------------------------
  data required time                                                 1.97
  data arrival time                                                 -1.79
  --------------------------------------------------------------------------
  slack (MET)                                                        0.18


1
report_timing -delay min
 
****************************************
Report : timing
        -path full
        -delay min
        -max_paths 1
Design : AES_top
Version: J-2014.09-SP2
Date   : Tue Apr 14 22:08:58 2020
****************************************

 # A fanout number of 1000 was used for high fanout net computations.

Operating Conditions: tt1p05v125c   Library: saed32rvt_tt1p05v125c
Wire Load Model Mode: enclosed

  Startpoint: AES_control/count_reg[0]
              (rising edge-triggered flip-flop clocked by clk)
  Endpoint: AES_control/count_reg[0]
            (rising edge-triggered flip-flop clocked by clk)
  Path Group: clk
  Path Type: min

  Des/Clust/Port     Wire Load Model       Library
  ------------------------------------------------
  AES_top            140000                saed32rvt_tt1p05v125c
  AEScntx            8000                  saed32rvt_tt1p05v125c

  Point                                                   Incr       Path
  --------------------------------------------------------------------------
  clock clk (rise edge)                                   0.00       0.00
  clock network delay (ideal)                             0.00       0.00
  AES_control/count_reg[0]/CLK (DFFX1_RVT)                0.00 #     0.00 r
  AES_control/count_reg[0]/QN (DFFX1_RVT)                 0.06       0.06 f
  AES_control/U85/Y (AO22X1_RVT)                          0.04       0.10 f
  AES_control/count_reg[0]/D (DFFX1_RVT)                  0.01       0.11 f
  data arrival time                                                  0.11

  clock clk (rise edge)                                   0.00       0.00
  clock network delay (ideal)                             0.00       0.00
  AES_control/count_reg[0]/CLK (DFFX1_RVT)                0.00       0.00 r
  library hold time                                      -0.01      -0.01
  data required time                                                -0.01
  --------------------------------------------------------------------------
  data required time                                                -0.01
  data arrival time                                                 -0.11
  --------------------------------------------------------------------------
  slack (MET)                                                        0.11


1
#report area
report_area
 
****************************************
Report : area
Design : AES_top
Version: J-2014.09-SP2
Date   : Tue Apr 14 22:08:58 2020
****************************************

Library(s) Used:

    saed32rvt_tt1p05v125c (File: /app11/saed_32.28/SAED32_EDK/lib/stdcell_rvt/db_ccs/saed32rvt_tt1p05v125c.db)

Number of ports:                         1550
Number of nets:                          1556
Number of cells:                            5
Number of combinational cells:              0
Number of sequential cells:                 0
Number of macros/black boxes:               0
Number of buf/inv:                          0
Number of references:                       5

Combinational area:              97635.771428
Buf/Inv area:                    11940.193744
Noncombinational area:           17068.311600
Macro/Black Box area:                0.000000
Net Interconnect area:           32372.462269

Total cell area:                114704.083028
Total area:                     147076.545297
1
#report all registers in design
sizeof_coll [all_reg ]2583
2583
dc_shell> exit

Thank you...
