
                      Design Compiler Graphical
                            DC Ultra (TM)
                             DFTMAX (TM)
                         Power Compiler (TM)
                           DesignWare (R)
                           DC Expert (TM)
                         Design Vision (TM)
                          HDL Compiler (TM)
                         VHDL Compiler (TM)
                            DFT Compiler
                        Library Compiler (TM)
                         Design Compiler(R)

          Version J-2014.09-SP2 for RHEL64 -- Nov 25, 2014
               Copyright (c) 1988-2014 Synopsys, Inc.

This software and the associated documentation are confidential and 
proprietary to Synopsys, Inc. Your use or disclosure of this software 
is subject to the terms and conditions of a written license agreement 
between you, or your company, and Synopsys, Inc.

Initializing...
Initializing gui preferences from file  /class4/ug19/a168476m/.synopsys_dv_prefs.tcl
Error: could not open script file "/class4/ug19/a168476m/ee4415_part2/part3/vcs/synthesis.tcl" (CMD-015)
dc_shell> 