19:06:50    16 -->                                                             [tcl] ucliGUI::connect -toolargs -ucligui -toolexe ./simv -pid 18345 -toolin /tmp/vcs_20200414110642_18344_a168476m..stdin -toolout /tmp/vcs_20200414110642_18344_a168476m..stdout  
19:06:50    17 -->                                                                 [tcl] set ucliGUI::state
19:06:50    18 -->                                                                     [tcl] gui_update_simulator_buttons
19:06:53    19 -->                                                                         [tcl] set ucliGUI::state
19:06:53    20 -->                                                                             [tcl] ucliCore::getToolPID
19:06:53    21 -->                                                                                 [tcl] synopsys::env hasTB
19:06:55    22 -->                                                                                     [tcl] trigger_hier_stack_context_switch 0
19:06:56    23 -->                                                                                         [tcl] synopsys::xml set_array_limit <data limit="50" />
19:06:56    24 -->                                                                                             [tcl] synopsys::xml set_depth_limit <data limit="100" />
19:06:56    25 --> ...  [tcl] synopsys::xml set_string_limit <data limit="1000" />
19:06:56    26 --> ...      [tcl] synopsys::xml set_only_active_frame <data value="1" />
19:06:56    27 --> ...          [tcl] synopsys::xml set_variable_frame_id <data value="1" />
19:06:56    28 --> ...              [tcl] synUtils::setDVEInitPhase 1
19:06:56    29 --> ...                  [tcl] gui_get_env SIMSETUP::SIMVPD
19:06:56    30 --> ...                      [tcl] synopsys::dump -type VPD -file /class4/ug19/a168476m/ee4415_part2/part2/vcs/inter.vpd -locking
19:06:56    31 --> ...                          [tcl] synopsys::dump -autoflush on -fid VPD0
19:06:56    32 --> ...                              [tcl] set ::dve_fid VPD0
19:06:56    33 --> ...                                  [tcl] synUtils::setDVEInitPhase 0
19:06:56    34 --> ...                                      [tcl] ucliCore::getToolPID
19:06:56    35 --> ...                                          [tcl] synUtils::sendTool -active _icl_setToolSocket /tmp/smlnpdrNVuk
19:06:56    36 --> ...                                              [tcl] synUtils::sendTool -active {_icl_start_rpc -version "J-2014.12_Full64" -sync_file /tmp/vcs_dve_rpc.a168476m.18345}
19:06:56    37 --> ...                                                  [tcl] synUtils::sendTool -active {_icl_createSharedMemory /tmp/vcs_dve_general.a168476m.18345}
19:06:57    38 --> ...                                                      [tcl] dveMisc::vbusExpand tb_aes
19:06:57    39 --> ...                                                          [tcl] config endofsim noexit
19:06:57    40 --> ...                                                              [tcl] config onfail enable all
19:06:57    41 --> ...                                                                  [tcl] config syscaddplainmembers
19:06:57    42 --> ...                                                                      [tcl] config syscaddsourcenames
19:06:57    43 --> ...                                                                          [tcl] config syscaddstructtypes
19:06:57    44 --> ...                                                                              [tcl] synopsys::listing -disable
19:06:58    45 --> ...                                                                                  [tcl] synopsys::run
19:06:58    46 --> ...                                                                                      [tcl] set ucliGUI::state
19:06:58    47 --> ...                                                                                          [tcl] set ucliGUI::state
19:06:58    48 --> ...                                                                                              [tcl] gui_update_simulator_buttons
19:06:59    49 --> ...                                                                                                  [tcl] set ucliGUI::state
19:06:59    50 --> ...  [tcl] set ucliGUI::state
19:06:59    51 --> ...      [tcl] catch {senv activeDomain} dveMisc::result 
19:06:59    52 --> ...          [tcl] set dveMisc::result
19:06:59    53 --> ...              [tcl] gui_update_simulator_buttons
19:06:59    54 --> ...                  [tcl] synopsys::xml get_stop_data
19:06:59    55 --> ...                      [tcl] synopsys::xml {frames <data updateType="preserve" itemId="none" viewId="Stack.1" />}
19:06:59    56 --> ...                          [tcl] dveMisc::vbusExpand {tb_aes.unnamed$$_32}
19:06:59    57 --> ...                              [tcl] dveMisc::vbusExpand {tb_aes.unnamed$$_32.unnamed$$_11}
19:07:04    58 --> ...                                  [tcl] if [catch {gui_sim_terminate}] {gui_sim_terminate -kill}
19:07:04    59 --> ...                                      [tcl] synopsys::finish
19:07:04    60 --> ...                                          [tcl] set ucliGUI::state
19:07:04    61 --> ...                                              [tcl] set ucliGUI::state
19:07:04    62 --> ...                                                  [tcl] catch {senv activeDomain} dveMisc::result 
19:07:04    63 --> ...                                                      [tcl] set dveMisc::result
19:07:04    64 --> ...                                                          [tcl] gui_update_simulator_buttons
19:07:04    65 --> ...                                                              [tcl] catch {senv activeDomain} dveMisc::result 
19:07:04    66 --> ...                                                                  [tcl] set dveMisc::result
19:07:05    67 --> ...                                                                      [tcl] ucli_exit
